<?xml version="1.0" encoding="UTF-8"?>
<testng-results skipped="0" failed="0" ignored="0" total="1" passed="1">
  <reporter-output>
  </reporter-output>
  <suite name="Suite" duration-ms="10631" started-at="2018-05-29T04:35:42Z" finished-at="2018-05-29T04:35:52Z">
    <groups>
    </groups>
    <test name="Test" duration-ms="10631" started-at="2018-05-29T04:35:42Z" finished-at="2018-05-29T04:35:52Z">
      <class name="com.NewTest">
        <test-method status="PASS" signature="f()[pri:0, instance:com.NewTest@77cd7a0]" name="f" duration-ms="10599" started-at="2018-05-29T10:05:42Z" finished-at="2018-05-29T10:05:52Z">
          <reporter-output>
          </reporter-output>
        </test-method> <!-- f -->
      </class> <!-- com.NewTest -->
    </test> <!-- Test -->
  </suite> <!-- Suite -->
</testng-results>
